<?xml version="1.0" encoding="UTF-8"?>
<testsuite xmlns:xsi="http://www.w3.org/2001/XMLSchema-instance" xsi:noNamespaceSchemaLocation="https://maven.apache.org/surefire/maven-surefire-plugin/xsd/surefire-test-report-3.0.xsd" version="3.0" name="conduitApp.ConduitTest" time="3.885" tests="1" errors="0" skipped="0" failures="0">
  <properties>
[...]
</properties>
  <testcase name="testParallel" classname="conduitApp.ConduitTest" time="3.866">
    <system-out><![CDATA[15:09:33.575 [main] DEBUG com.intuit.karate.Suite - [config] classpath:karate-config.js
15:09:33.585 [main] INFO  com.intuit.karate.Suite - backed up existing 'target/karate-reports' dir to: target/karate-reports_1722539373581
15:09:33.593 [main] DEBUG com.intuit.karate.Suite - waiting for 2 features to complete
15:09:34.727 [pool-2-thread-3] INFO  com.intuit.karate - karate.env system property was: null 
15:09:34.727 [pool-2-thread-2] INFO  com.intuit.karate - karate.env system property was: null 
15:09:34.727 [pool-2-thread-1] INFO  com.intuit.karate - karate.env system property was: null 
15:09:34.727 [pool-2-thread-4] INFO  com.intuit.karate - karate.env system property was: null 
15:09:34.983 [pool-2-thread-2] DEBUG com.intuit.karate - request:
1 > GET https://conduit-api.bondaracademy.com/api/articles?offset=0&limit=10
1 > Host: conduit-api.bondaracademy.com
1 > Connection: Keep-Alive
1 > User-Agent: Apache-HttpClient/4.5.14 (Java/11.0.18)
1 > Accept-Encoding: gzip,deflate


15:09:34.983 [pool-2-thread-3] DEBUG com.intuit.karate - request:
1 > GET https://jsonplaceholder.typicode.com/users
1 > Host: jsonplaceholder.typicode.com
1 > Connection: Keep-Alive
1 > User-Agent: Apache-HttpClient/4.5.14 (Java/11.0.18)
1 > Accept-Encoding: gzip,deflate


15:09:34.983 [pool-2-thread-1] DEBUG com.intuit.karate - request:
1 > GET https://conduit-api.bondaracademy.com/api/tags
1 > Host: conduit-api.bondaracademy.com
1 > Connection: Keep-Alive
1 > User-Agent: Apache-HttpClient/4.5.14 (Java/11.0.18)
1 > Accept-Encoding: gzip,deflate


15:09:34.984 [pool-2-thread-4] DEBUG com.intuit.karate - request:
1 > POST https://jsonplaceholder.typicode.com/users
1 > Content-Type: application/json; charset=UTF-8
1 > Content-Length: 160
1 > Host: jsonplaceholder.typicode.com
1 > Connection: Keep-Alive
1 > User-Agent: Apache-HttpClient/4.5.14 (Java/11.0.18)
1 > Accept-Encoding: gzip,deflate
{"name":"Test User","username":"testuser","email":"test@user.com","address":{"street":"Has No Name","suite":"Apt. 123","city":"Electri","zipcode":"54321-6789"}}

15:09:35.211 [pool-2-thread-3] DEBUG com.intuit.karate - response time in milliseconds: 224
1 < 200
1 < Date: Thu, 01 Aug 2024 19:09:37 GMT
1 < Content-Type: application/json; charset=utf-8
1 < Transfer-Encoding: chunked
1 < Connection: keep-alive
1 < Report-To: {"group":"heroku-nel","max_age":3600,"endpoints":[{"url":"https://nel.heroku.com/reports?ts=1718797379&sid=e11707d5-02a7-43ef-b45e-2cf4d2036f7d&s=kGqDA5d6N2gkonTn5%2BoxiUoTys80sloU89GvXWFOoWg%3D"}]}
1 < Reporting-Endpoints: heroku-nel=https://nel.heroku.com/reports?ts=1718797379&sid=e11707d5-02a7-43ef-b45e-2cf4d2036f7d&s=kGqDA5d6N2gkonTn5%2BoxiUoTys80sloU89GvXWFOoWg%3D
1 < Nel: {"report_to":"heroku-nel","max_age":3600,"success_fraction":0.005,"failure_fraction":0.05,"response_headers":["Via"]}
1 < X-Powered-By: Express
1 < X-Ratelimit-Limit: 1000
1 < X-Ratelimit-Remaining: 997
1 < X-Ratelimit-Reset: 1718797385
1 < Vary: Origin, Accept-Encoding
1 < Access-Control-Allow-Credentials: true
1 < Cache-Control: max-age=43200
1 < Pragma: no-cache
1 < Expires: -1
1 < X-Content-Type-Options: nosniff
1 < Etag: W/"160d-1eMSsxeJRfnVLRBmYJSbCiJZ1qQ"
1 < Via: 1.1 vegur
1 < CF-Cache-Status: HIT
1 < Age: 26578
1 < Server: cloudflare
1 < CF-RAY: 8ac81fa41f4780d9-EWR
1 < alt-svc: h3=":443"; ma=86400
[
  {
    "id": 1,
    "name": "Leanne Graham",
    "username": "Bret",
    "email": "Sincere@april.biz",
    "address": {
      "street": "Kulas Light",
      "suite": "Apt. 556",
      "city": "Gwenborough",
      "zipcode": "92998-3874",
      "geo": {
        "lat": "-37.3159",
        "lng": "81.1496"
      }
    },
    "phone": "1-770-736-8031 x56442",
    "website": "hildegard.org",
    "company": {
      "name": "Romaguera-Crona",
      "catchPhrase": "Multi-layered client-server neural-net",
      "bs": "harness real-time e-markets"
    }
  },
  {
    "id": 2,
    "name": "Ervin Howell",
    "username": "Antonette",
    "email": "Shanna@melissa.tv",
    "address": {
      "street": "Victor Plains",
      "suite": "Suite 879",
      "city": "Wisokyburgh",
      "zipcode": "90566-7771",
      "geo": {
        "lat": "-43.9509",
        "lng": "-34.4618"
      }
    },
    "phone": "010-692-6593 x09125",
    "website": "anastasia.net",
    "company": {
      "name": "Deckow-Crist",
      "catchPhrase": "Proactive didactic contingency",
      "bs": "synergize scalable supply-chains"
    }
  },
  {
    "id": 3,
    "name": "Clementine Bauch",
    "username": "Samantha",
    "email": "Nathan@yesenia.net",
    "address": {
      "street": "Douglas Extension",
      "suite": "Suite 847",
      "city": "McKenziehaven",
      "zipcode": "59590-4157",
      "geo": {
        "lat": "-68.6102",
        "lng": "-47.0653"
      }
    },
    "phone": "1-463-123-4447",
    "website": "ramiro.info",
    "company": {
      "name": "Romaguera-Jacobson",
      "catchPhrase": "Face to face bifurcated interface",
      "bs": "e-enable strategic applications"
    }
  },
  {
    "id": 4,
    "name": "Patricia Lebsack",
    "username": "Karianne",
    "email": "Julianne.OConner@kory.org",
    "address": {
      "street": "Hoeger Mall",
      "suite": "Apt. 692",
      "city": "South Elvis",
      "zipcode": "53919-4257",
      "geo": {
        "lat": "29.4572",
        "lng": "-164.2990"
      }
    },
    "phone": "493-170-9623 x156",
    "website": "kale.biz",
    "company": {
      "name": "Robel-Corkery",
      "catchPhrase": "Multi-tiered zero tolerance productivity",
      "bs": "transition cutting-edge web services"
    }
  },
  {
    "id": 5,
    "name": "Chelsey Dietrich",
    "username": "Kamren",
    "email": "Lucio_Hettinger@annie.ca",
    "address": {
      "street": "Skiles Walks",
      "suite": "Suite 351",
      "city": "Roscoeview",
      "zipcode": "33263",
      "geo": {
        "lat": "-31.8129",
        "lng": "62.5342"
      }
    },
    "phone": "(254)954-1289",
    "website": "demarco.info",
    "company": {
      "name": "Keebler LLC",
      "catchPhrase": "User-centric fault-tolerant solution",
      "bs": "revolutionize end-to-end systems"
    }
  },
  {
    "id": 6,
    "name": "Mrs. Dennis Schulist",
    "username": "Leopoldo_Corkery",
    "email": "Karley_Dach@jasper.info",
    "address": {
      "street": "Norberto Crossing",
      "suite": "Apt. 950",
      "city": "South Christy",
      "zipcode": "23505-1337",
      "geo": {
        "lat": "-71.4197",
        "lng": "71.7478"
      }
    },
    "phone": "1-477-935-8478 x6430",
    "website": "ola.org",
    "company": {
      "name": "Considine-Lockman",
      "catchPhrase": "Synchronised bottom-line interface",
      "bs": "e-enable innovative applications"
    }
  },
  {
    "id": 7,
    "name": "Kurtis Weissnat",
    "username": "Elwyn.Skiles",
    "email": "Telly.Hoeger@billy.biz",
    "address": {
      "street": "Rex Trail",
      "suite": "Suite 280",
      "city": "Howemouth",
      "zipcode": "58804-1099",
      "geo": {
        "lat": "24.8918",
        "lng": "21.8984"
      }
    },
    "phone": "210.067.6132",
    "website": "elvis.io",
    "company": {
      "name": "Johns Group",
      "catchPhrase": "Configurable multimedia task-force",
      "bs": "generate enterprise e-tailers"
    }
  },
  {
    "id": 8,
    "name": "Nicholas Runolfsdottir V",
    "username": "Maxime_Nienow",
    "email": "Sherwood@rosamond.me",
    "address": {
      "street": "Ellsworth Summit",
      "suite": "Suite 729",
      "city": "Aliyaview",
      "zipcode": "45169",
      "geo": {
        "lat": "-14.3990",
        "lng": "-120.7677"
      }
    },
    "phone": "586.493.6943 x140",
    "website": "jacynthe.com",
    "company": {
      "name": "Abernathy Group",
      "catchPhrase": "Implemented secondary concept",
      "bs": "e-enable extensible e-tailers"
    }
  },
  {
    "id": 9,
    "name": "Glenna Reichert",
    "username": "Delphine",
    "email": "Chaim_McDermott@dana.io",
    "address": {
      "street": "Dayna Park",
      "suite": "Suite 449",
      "city": "Bartholomebury",
      "zipcode": "76495-3109",
      "geo": {
        "lat": "24.6463",
        "lng": "-168.8889"
      }
    },
    "phone": "(775)976-6794 x41206",
    "website": "conrad.com",
    "company": {
      "name": "Yost and Sons",
      "catchPhrase": "Switchable contextually-based project",
      "bs": "aggregate real-time technologies"
    }
  },
  {
    "id": 10,
    "name": "Clementina DuBuque",
    "username": "Moriah.Stanton",
    "email": "Rey.Padberg@karina.biz",
    "address": {
      "street": "Kattie Turnpike",
      "suite": "Suite 198",
      "city": "Lebsackbury",
      "zipcode": "31428-2261",
      "geo": {
        "lat": "-38.2386",
        "lng": "57.2232"
      }
    },
    "phone": "024-648-3804",
    "website": "ambrose.net",
    "company": {
      "name": "Hoeger LLC",
      "catchPhrase": "Centralized empowering task-force",
      "bs": "target end-to-end models"
    }
  }
]

15:09:35.226 [pool-2-thread-3] DEBUG com.intuit.karate - request:
2 > GET https://jsonplaceholder.typicode.com/users/1
2 > Host: jsonplaceholder.typicode.com
2 > Connection: Keep-Alive
2 > User-Agent: Apache-HttpClient/4.5.14 (Java/11.0.18)
2 > Accept-Encoding: gzip,deflate


15:09:35.239 [pool-2-thread-4] DEBUG com.intuit.karate - response time in milliseconds: 254
1 < 201
1 < Date: Thu, 01 Aug 2024 19:09:37 GMT
1 < Content-Type: application/json; charset=utf-8
1 < Content-Length: 216
1 < Connection: keep-alive
1 < Report-To: {"group":"heroku-nel","max_age":3600,"endpoints":[{"url":"https://nel.heroku.com/reports?ts=1722539377&sid=e11707d5-02a7-43ef-b45e-2cf4d2036f7d&s=ai6vg3xWHUjIEQgE%2FYfKAF3xborJkPUf05BjAIUoYog%3D"}]}
1 < Reporting-Endpoints: heroku-nel=https://nel.heroku.com/reports?ts=1722539377&sid=e11707d5-02a7-43ef-b45e-2cf4d2036f7d&s=ai6vg3xWHUjIEQgE%2FYfKAF3xborJkPUf05BjAIUoYog%3D
1 < Nel: {"report_to":"heroku-nel","max_age":3600,"success_fraction":0.005,"failure_fraction":0.05,"response_headers":["Via"]}
1 < X-Powered-By: Express
1 < X-Ratelimit-Limit: 1000
1 < X-Ratelimit-Remaining: 999
1 < X-Ratelimit-Reset: 1722539409
1 < Vary: Origin, X-HTTP-Method-Override, Accept-Encoding
1 < Access-Control-Allow-Credentials: true
1 < Cache-Control: no-cache
1 < Pragma: no-cache
1 < Expires: -1
1 < Access-Control-Expose-Headers: Location
1 < Location: https://jsonplaceholder.typicode.com/users/11
1 < X-Content-Type-Options: nosniff
1 < Etag: W/"d8-pYV7+YuMGP2hxHPU9ARrf97ifDA"
1 < Via: 1.1 vegur
1 < CF-Cache-Status: DYNAMIC
1 < Server: cloudflare
1 < CF-RAY: 8ac81fa418798c9b-EWR
1 < alt-svc: h3=":443"; ma=86400
{
  "name": "Test User",
  "username": "testuser",
  "email": "test@user.com",
  "address": {
    "street": "Has No Name",
    "suite": "Apt. 123",
    "city": "Electri",
    "zipcode": "54321-6789"
  },
  "id": 11
}

15:09:35.243 [pool-2-thread-4] INFO  com.intuit.karate - [print] created id is:  11 
15:09:35.277 [pool-2-thread-3] DEBUG com.intuit.karate - response time in milliseconds: 50
2 < 200
2 < Date: Thu, 01 Aug 2024 19:09:37 GMT
2 < Content-Type: application/json; charset=utf-8
2 < Transfer-Encoding: chunked
2 < Connection: keep-alive
2 < Report-To: {"group":"heroku-nel","max_age":3600,"endpoints":[{"url":"https://nel.heroku.com/reports?ts=1710348165&sid=e11707d5-02a7-43ef-b45e-2cf4d2036f7d&s=HEPnbeJ8dmdANRvKjBcFAvlr1PCLThbnQtX5U0At86Q%3D"}]}
2 < Reporting-Endpoints: heroku-nel=https://nel.heroku.com/reports?ts=1710348165&sid=e11707d5-02a7-43ef-b45e-2cf4d2036f7d&s=HEPnbeJ8dmdANRvKjBcFAvlr1PCLThbnQtX5U0At86Q%3D
2 < Nel: {"report_to":"heroku-nel","max_age":3600,"success_fraction":0.005,"failure_fraction":0.05,"response_headers":["Via"]}
2 < X-Powered-By: Express
2 < X-Ratelimit-Limit: 1000
2 < X-Ratelimit-Remaining: 999
2 < X-Ratelimit-Reset: 1710348182
2 < Vary: Origin, Accept-Encoding
2 < Access-Control-Allow-Credentials: true
2 < Cache-Control: max-age=43200
2 < Pragma: no-cache
2 < Expires: -1
2 < X-Content-Type-Options: nosniff
2 < Etag: W/"1fd-+2Y3G3w049iSZtw5t1mzSnunngE"
2 < Via: 1.1 vegur
2 < CF-Cache-Status: HIT
2 < Age: 22879
2 < Server: cloudflare
2 < CF-RAY: 8ac81fa48c6b18f6-EWR
2 < alt-svc: h3=":443"; ma=86400
{
  "id": 1,
  "name": "Leanne Graham",
  "username": "Bret",
  "email": "Sincere@april.biz",
  "address": {
    "street": "Kulas Light",
    "suite": "Apt. 556",
    "city": "Gwenborough",
    "zipcode": "92998-3874",
    "geo": {
      "lat": "-37.3159",
      "lng": "81.1496"
    }
  },
  "phone": "1-770-736-8031 x56442",
  "website": "hildegard.org",
  "company": {
    "name": "Romaguera-Crona",
    "catchPhrase": "Multi-layered client-server neural-net",
    "bs": "harness real-time e-markets"
  }
}

15:09:35.339 [pool-2-thread-1] DEBUG com.intuit.karate - response time in milliseconds: 355
1 < 200
1 < x-powered-by: Express
1 < access-control-allow-origin: https://conduit.bondaracademy.com
1 < vary: Origin
1 < content-type: application/json; charset=utf-8
1 < etag: W/"72-4ULgKyuelSHzsooMjcZrLvKKF/g"
1 < X-Cloud-Trace-Context: f2a7e62a987d73e9223bae36608703b8;o=1
1 < Date: Thu, 01 Aug 2024 19:09:37 GMT
1 < Server: Google Frontend
1 < Content-Length: 114
{"tags":["Test","GitHub","Coding","Bondar Academy","Git","Zoom","YouTube","Value-Focused","Live Sessions","Blog"]}

15:09:35.438 [pool-2-thread-2] DEBUG com.intuit.karate - response time in milliseconds: 453
1 < 200
1 < x-powered-by: Express
1 < access-control-allow-origin: https://conduit.bondaracademy.com
1 < vary: Origin
1 < content-type: application/json; charset=utf-8
1 < etag: W/"43a0-98B0ntVGF8AlhjNTSXhCpT0Sjpg"
1 < X-Cloud-Trace-Context: dd6116e58a86ac1bf4e363bd30bfb337
1 < Date: Thu, 01 Aug 2024 19:09:37 GMT
1 < Server: Google Frontend
1 < Content-Length: 17312
{"articles":[{"slug":"Discover-Bondar-Academy:-Your-Gateway-to-Efficient-Learning-1","title":"Discover Bondar Academy: Your Gateway to Efficient Learning","description":"Discover Bondar Academy's unique place in the educational landscape, where value-focused and efficient learning approaches converge. Our goal is to rapidly enhance your professional technical skills, boosting your market competitiveness and paving the way for higher-paying job opportunities. The speed of your progress is in your hands – you set the pace, and we provide the solutions and support to help you achieve your desired outcomes.","body":"Bondar Academy is a leading platform for efficient education, designed to boost your technical skills and advance your career in Quality Assurance (QA). Our program features a balanced mix of pre-recorded lectures and live sessions, allowing each student to study at their own pace and at a time that suits them. \n\nOur instructors are readily available on our Slack Workspace for support. Whether it's a quick question or a more complex issue requiring a Zoom call or Slack Huddle for screen sharing and live discussion, we're here to assist. Additionally, each class comes with a comprehensive question bank for self-assessment. Following each lecture, you have the opportunity to validate your understanding and readiness to progress to the next topic. You set the pace, and we provide the solutions to ensure you achieve your desired outcomes.\n\nSignUp today: https://www.bondaracademy.com","tagList":["qa career","Bondar Academy","QA Skills","Value-Focused"],"createdAt":"2024-01-27T21:52:32.682Z","updatedAt":"2024-01-27T21:52:32.682Z","favorited":false,"favoritesCount":243,"author":{"username":"Artem Bondar","bio":null,"image":"https://storage.googleapis.com/bondar-academy-visuals/Android.png","following":false}},{"slug":"The-value-of-pre-recorded-video-classes.-The-most-efficient-approach-to-tranfer-the-knowledge-1","title":"The value of pre-recorded video classes. The most efficient approach to tranfer the knowledge","description":"As educational practices evolve, video tutorials have emerged as the most efficient method for imparting theoretical knowledge. At Bondar Academy, we prioritize expertly structured and crafted video tutorials, ensuring you learn quickly and effectively and advance your skills.","body":"At Bondar Academy, we prioritize the value of your time and the efficiency of your education, distinguishing our approach from traditional colleges and live boot camps. Forget long, tedious live lectures on a fixed schedule. With us, you learn at your convenience and pace through optimized, structured video lectures. \n\nWe understand your goal is rapid knowledge acquisition. Our pre-recorded and well-organized lectures are designed precisely for this, ensuring no slowdowns from group dynamics or unrelated instructor anecdotes. \n\nDive straight into the subject matter, learn efficiently, and if questions arise, our immediate support on the Slack Workspace is there to streamline your learning process and swiftly remove any roadblocks.","tagList":["Bondar Academy","Video Lectures","Tutorials"],"createdAt":"2024-01-27T21:50:38.825Z","updatedAt":"2024-01-27T21:50:38.825Z","favorited":false,"favoritesCount":112,"author":{"username":"Artem Bondar","bio":null,"image":"https://storage.googleapis.com/bondar-academy-visuals/Android.png","following":false}},{"slug":"Mastering-Knowledge-with-Self-Assessments:-Identifying-and-Bridging-Learning-Gaps-in-Education-1","title":"Mastering Knowledge with Self-Assessments: Identifying and Bridging Learning Gaps in Education","description":"Self-assessment is an essential tool for gauging your understanding of lecture material. It answers critical questions: Have you grasped everything correctly? Is there anything you've missed? Are you prepared for the next lesson? These assessments ensure that you build a solid foundation of knowledge, confidently and efficiently paving the way for swift progress and effective learning outcomes.","body":"Traditional educational institutions, such as colleges and universities, commonly use tests and assessments to measure knowledge. This approach is effective for gauging student performance, but it's not without drawbacks. In these settings, assessments after every lecture aren't feasible due to the time required for teachers to evaluate them. This often leads to students having a false sense of understanding, believing they've comprehended all aspects of a lecture when, in reality, small but crucial details might be missed. These 'knowledge gaps' can accumulate, making more complex topics difficult to grasp later on.\n\nAt Bondar Academy, we address this challenge by implementing self-assessments after every lecture. These are designed to cover key questions that ensure a thorough understanding of the material, essential for comfort and success in future lectures. The number of questions varies, ranging from 3-4 to 15-20, depending on the lecture's significance and the volume of critical information. With these self-assessments, students receive immediate feedback, helping them determine if they've fully understood the lecture or if they need to revisit certain parts or seek assistance from our instructors in the Slack Workspace.","tagList":["Self-Assessment","Test","Exam"],"createdAt":"2024-01-27T21:48:36.340Z","updatedAt":"2024-01-27T21:48:36.340Z","favorited":false,"favoritesCount":18,"author":{"username":"Artem Bondar","bio":null,"image":"https://storage.googleapis.com/bondar-academy-visuals/Android.png","following":false}},{"slug":"Practical-Implementation-of-Skills:-Homework-Assignments-with-Instructor-Supervision-1","title":"Practical Implementation of Skills: Homework Assignments with Instructor Supervision","description":"Knowledge or skills not reinforced through practical exercises can quickly fade, often faster than anticipated. Homework, particularly in tasks like writing your own code, is crucial for honing these skills and cementing your understanding. At Bondar Academy, we ensure this vital step by assigning homework, rigorously evaluating the outcomes, and providing valuable feedback to guide your learning journey.","body":"Homework assignments are a fundamental component of the educational methodology at Bondar Academy, especially in technical education where learning a new programming language or framework is involved. The key to mastering these skills lies in writing code; the more you write, the better you become. However, merely replicating code seen in lectures leads to minimal learning. Often, this approach leaves students unclear about why their code works the way it does, as they focus on copying rather than understanding.\n\nA homework assignment at Bondar Academy starts with a blank page, challenging students to apply all their knowledge to write the first line of code. This process is more demanding than it appears. As you write each line, understanding and reasoning grow, making your code meaningful and comprehensible. You learn to write code that makes sense to you, enhancing your understanding.\n\nIn completing these assignments, you engage the 'thinking' part of your brain, transforming theoretical knowledge into practical skills. Recognizing the crucial role of homework in learning, our instructors at Bondar Academy are always available to assist with any challenges. Just reach out on Slack, and you'll receive the guidance and support needed for successful completion. At Bondar Academy, we fully understand the importance of homework assignments for the best outcome, so our instructors are always here to assist if you have any difficulties with completing them. Just ask in Slack and you'll be guided and assisted.","tagList":["Homework","Assignments","Practice","Coding"],"createdAt":"2024-01-27T21:46:09.512Z","updatedAt":"2024-01-27T21:46:09.512Z","favorited":false,"favoritesCount":9,"author":{"username":"Artem Bondar","bio":null,"image":"https://storage.googleapis.com/bondar-academy-visuals/Android.png","following":false}},{"slug":"Embracing-Daily-Git-Routines:-Real-Code-Reviews-on-GitHub-for-Effective-Coding-Practice.-1","title":"Embracing Daily Git Routines: Real Code Reviews on GitHub for Effective Coding Practice.","description":"Learning to code is just one part of a larger skill set; effectively managing and organizing code is equally crucial. At Bondar Academy, we integrate Git and platforms like GitHub into the core learning cycle. With us, using Git becomes a regular routine, where organizing code in branches, storing it in remote repositories, and collaborating with others through strategies like branching, merging, pull requests, and code reviews are standard practice.","body":"At Bondar Academy, mastering Git and GitHub is a fundamental step before delving into frameworks or programming languages. Effective code management, organization, and storage are crucial skills, and Git is the premier tool for this purpose. However, many learners initially find Git challenging due to its complexity and non-intuitive nature. To address this, our instructors have developed structured lectures on Git and GitHub, ensuring an efficient and thorough understanding of these essential tools. Git lessons are a mandatory prerequisite in every class. For a glimpse into our teaching approach, visit our YouTube channel: https://www.youtube.com/@BondarAcademy/playlists.\n\nIn our courses, all homework assignments are reviewed using GitHub pull requests, mirroring the workflow in real-world software development environments. Students submit their code to their working branch for review. Our instructors then provide feedback, suggesting modifications or adjustments for pull request approval. This iterative process is repeated throughout the course, establishing Git usage as a natural and routine part of your coding practice.","tagList":["YouTube","Git","GitHub"],"createdAt":"2024-01-27T21:42:31.491Z","updatedAt":"2024-01-27T21:42:31.491Z","favorited":false,"favoritesCount":11,"author":{"username":"Artem Bondar","bio":null,"image":"https://storage.googleapis.com/bondar-academy-visuals/Android.png","following":false}},{"slug":"Engaging-in-Live-Zoom-Sessions:-Interact-with-Instructors-and-Peers-Ask-Questions-in-Real-Time-1","title":"Engaging in Live Zoom Sessions: Interact with Instructors and Peers, Ask Questions in Real-Time","description":"In our increasingly online world, personal engagement remains a crucial element of effective learning. At Bondar Academy, we address this by hosting live Zoom sessions. These sessions provide a platform for live interaction between instructors and students, and among students themselves. Complementing our Slack channel, these live sessions offer an additional avenue for asking questions and engaging in meaningful discussions.","body":"In our increasingly online world, personal engagement remains a crucial element of effective learning. \nAt Bondar Academy, we address this by hosting live Zoom sessions. These sessions provide a platform for live interaction between instructors and students and among students themselves. Complementing our Slack channel, these live sessions offer an additional avenue for asking questions and engaging in meaningful discussions.","tagList":["Zoom","Live Sessions"],"createdAt":"2024-01-27T21:39:50.587Z","updatedAt":"2024-01-27T21:39:50.587Z","favorited":false,"favoritesCount":7,"author":{"username":"Artem Bondar","bio":null,"image":"https://storage.googleapis.com/bondar-academy-visuals/Android.png","following":false}},{"slug":"Utilizing-Slack-for-Continuous-Engagement:-Connect-with-Instructors-Share-Insights-and-Collaborate-1","title":"Utilizing Slack for Continuous Engagement: Connect with Instructors, Share Insights, and Collaborate","description":"Slack stands out as a widely-used messaging and collaboration platform, celebrated for its convenience and versatility. It enables simultaneous participation in multiple conversations, supports comments and emoji reactions, and allows users to share screenshots, videos, and code snippets. Its functionality extends to making calls in huddle sessions. Given these robust features, Bondar Academy has chosen Slack as our primary communication platform, facilitating seamless interaction and collaboration.","body":"As a new member of Bondar Academy, one of your initial steps should be registering for the Bondar Academy Slack Workspace. Upon registration at Bondar Academy, you'll receive a welcome email containing the URL to join. This Workspace serves as a central hub for communication with instructors and fellow students. Whether you have a question, need to share code, or want to upload screenshots, Slack makes it easy and efficient. Moreover, its compatibility with both desktop and mobile devices, by downloading and installing the app, ensures you can stay connected with your instructors and the community wherever you go.","tagList":["Slack","Community","Collaboration"],"createdAt":"2024-01-27T21:38:27.992Z","updatedAt":"2024-01-27T21:38:27.992Z","favorited":false,"favoritesCount":8,"author":{"username":"Artem Bondar","bio":null,"image":"https://storage.googleapis.com/bondar-academy-visuals/Android.png","following":false}},{"slug":"Stay-Ahead-with-Bondar-Academy:-Subscribe-to-Our-YouTube-channel-for-Latest-Tech-and-Education-Updates-1","title":"Stay Ahead with Bondar Academy: Subscribe to Our YouTube channel for Latest Tech and Education Updates","description":"Who doesn't appreciate high-quality free resources? YouTube serves as an ideal platform for sharing the latest news, updates, and a wealth of tips and tricks in test automation and technology. Keep abreast of these invaluable insights by subscribing to the @bondaracademy YouTube channel.","body":"Who doesn't appreciate high-quality free resources? \n\nYouTube serves as an ideal platform for sharing the latest news, updates, and a wealth of tips and tricks in test automation and technology. \n\nKeep abreast of these invaluable insights by subscribing to our YouTube channel: https://www.youtube.com/@bondaracademy","tagList":["YouTube"],"createdAt":"2024-01-27T21:36:32.360Z","updatedAt":"2024-01-27T21:36:32.360Z","favorited":false,"favoritesCount":8,"author":{"username":"Artem Bondar","bio":null,"image":"https://storage.googleapis.com/bondar-academy-visuals/Android.png","following":false}},{"slug":"Explore-the-Latest-in-Learning:-Bondar-Academy-Blog's-Educational-Insights-from-Our-Experts-1","title":"Explore the Latest in Learning: Bondar Academy Blog's Educational Insights from Our Experts","description":"Discover a treasure trove of knowledge on the Bondar Academy blog. Here, we share an array of tips, techniques, and valuable educational materials, all designed to keep you abreast of the latest technological trends and best practices. For easy access and continual learning, consider bookmarking our blog in your browser.","body":"On the Bondar Academy blog, we consistently provide insightful and pertinent updates on the latest in technology, test automation, and industry best practices. For your convenience, we recommend adding our blog to your browser's bookmarks. Our commitment to keeping you informed is reflected in our weekly posts, each focusing on a significant topic of the week.\n\nWe value your input and invite you to contribute to our ever-evolving content. If you have any suggestions or specific topics you'd like us to explore, please feel free to share your ideas in the Bondar Academy Slack workspace. \n\nDiscover our blog here: https://www.bondaracademy.com/blog\n","tagList":["Blog"],"createdAt":"2024-01-27T21:34:04.531Z","updatedAt":"2024-01-27T21:34:04.531Z","favorited":false,"favoritesCount":8,"author":{"username":"Artem Bondar","bio":null,"image":"https://storage.googleapis.com/bondar-academy-visuals/Android.png","following":false}},{"slug":"Take-the-Next-Step:-Join-Bondar-Academy-Today-and-Enroll-into-the-class-1","title":"Take the Next Step: Join Bondar Academy Today and Enroll into the class","description":"Are you prepared to transform your educational journey? Begin by signing up at Bondar Academy, then register for our Slack Workspace to start exploring. We offer a range of classes, with some being completely free and others featuring free previews of the initial sections. This allows you to experience our content and teaching approach firsthand, helping you make an informed decision before enrolling in a class.","body":"Are you prepared to transform your educational journey? \n\nBegin by signing up at Bondar Academy, then register for our Slack Workspace to start exploring. We offer a range of classes, with some being completely free and others featuring free previews of the initial sections. This allows you to experience our content and teaching approach firsthand, helping you make an informed decision before enrolling in a class.\n\nClick here to enroll: https://www.bondaracademy.com","tagList":["Enroll","Start for Free"],"createdAt":"2024-01-27T21:32:21.056Z","updatedAt":"2024-01-27T21:32:21.056Z","favorited":false,"favoritesCount":10,"author":{"username":"Artem Bondar","bio":null,"image":"https://storage.googleapis.com/bondar-academy-visuals/Android.png","following":false}}],"articlesCount":10}

---------------------------------------------------------
feature: classpath:conduitApp/feature/HomePage.feature
scenarios:  2 | passed:  2 | failed:  0 | time: 1.2782
---------------------------------------------------------

15:09:36.089 [pool-3-thread-1] INFO  com.intuit.karate.Suite - <<pass>> feature 1 of 2 (1 remaining) classpath:conduitApp/feature/HomePage.feature
---------------------------------------------------------
feature: classpath:conduitApp/users/users.feature
scenarios:  2 | passed:  2 | failed:  0 | time: 0.9845
---------------------------------------------------------

15:09:36.220 [pool-3-thread-1] INFO  com.intuit.karate.Suite - <<pass>> feature 2 of 2 (0 remaining) classpath:conduitApp/users/users.feature
Karate version: 1.4.1
======================================================
elapsed:   3.22 | threads:    5 | thread time: 2.26 
features:     2 | skipped:    0 | efficiency: 0.14
scenarios:    4 | passed:     4 | failed: 0
======================================================

HTML report: (paste into browser to view) | Karate version: 1.4.1
file:///Users/moushum/Documents/karate/myproject/target/karate-reports/karate-summary.html
===================================================================

]]></system-out>
  </testcase>
</testsuite>